\BOOKMARK [0][-]{chapter.1}{プログラミング言語の選択と環境構築}{}% 1
\BOOKMARK [1][-]{section.1.1}{数値計算向きの言語\(C++, Fortran\)}{chapter.1}% 2
\BOOKMARK [2][-]{subsection.1.1.1}{C++について}{section.1.1}% 3
\BOOKMARK [2][-]{subsection.1.1.2}{Fortranについて}{section.1.1}% 4
\BOOKMARK [2][-]{subsection.1.1.3}{Python3について}{section.1.1}% 5
\BOOKMARK [2][-]{subsection.1.1.4}{近年注目されている言語\(Julia\)}{section.1.1}% 6
\BOOKMARK [1][-]{section.1.2}{C++で使える高速数値計算ライブラリ}{chapter.1}% 7
\BOOKMARK [2][-]{subsection.1.2.1}{BLAS/LAPACK\(線形代数用ライブラリ\)}{section.1.2}% 8
\BOOKMARK [2][-]{subsection.1.2.2}{FFTW3\(フーリエ変換\)}{section.1.2}% 9
\BOOKMARK [2][-]{subsection.1.2.3}{OpenMP\(並列計算\)}{section.1.2}% 10
\BOOKMARK [0][-]{chapter.2}{C++による数値計算の基礎}{}% 11
\BOOKMARK [1][-]{section.2.1}{C++の文法速習}{chapter.2}% 12
\BOOKMARK [1][-]{section.2.2}{C++による対角化}{chapter.2}% 13
\BOOKMARK [2][-]{subsection.2.2.1}{zheevの引数}{section.2.2}% 14
\BOOKMARK [2][-]{subsection.2.2.2}{コンパイルおよび実行}{section.2.2}% 15
\BOOKMARK [2][-]{subsection.2.2.3}{対角化の手順}{section.2.2}% 16
\BOOKMARK [1][-]{section.2.3}{C++によるFFTW3を用いたフーリエ変換}{chapter.2}% 17
\BOOKMARK [2][-]{subsection.2.3.1}{FFTWにおける型}{section.2.3}% 18
\BOOKMARK [2][-]{subsection.2.3.2}{planとは何か}{section.2.3}% 19
\BOOKMARK [2][-]{subsection.2.3.3}{plan実行のための関数}{section.2.3}% 20
\BOOKMARK [2][-]{subsection.2.3.4}{fftw\137plan fftw\137plan\137dft\1372dの引数}{section.2.3}% 21
\BOOKMARK [2][-]{subsection.2.3.5}{フーリエ変換の手順}{section.2.3}% 22
\BOOKMARK [1][-]{section.2.4}{C++によるOpenMPを用いた並列計算}{chapter.2}% 23
\BOOKMARK [2][-]{subsection.2.4.1}{いかなるときに並列化が有効か}{section.2.4}% 24
\BOOKMARK [2][-]{subsection.2.4.2}{基本的な使い方}{section.2.4}% 25
\BOOKMARK [2][-]{subsection.2.4.3}{parallel / parallel for}{section.2.4}% 26
\BOOKMARK [2][-]{subsection.2.4.4}{OpenMPにおける変数の扱い\(shared/private\)}{section.2.4}% 27
\BOOKMARK [2][-]{subsection.2.4.5}{reduction}{section.2.4}% 28
\BOOKMARK [0][-]{chapter.3}{強束縛模型の解析}{}% 29
\BOOKMARK [1][-]{section.3.1}{次近接ホッピングを導入した2次元正方格子の強束縛模型の構築}{chapter.3}% 30
\BOOKMARK [1][-]{section.3.2}{バンド図とフェルミ面}{chapter.3}% 31
\BOOKMARK [2][-]{subsection.3.2.1}{バンド図の描画}{section.3.2}% 32
\BOOKMARK [2][-]{subsection.3.2.2}{フェルミ面の描画}{section.3.2}% 33
